log started: Tue Jul 30 14:39:53 2019

Log file: ./leap.log
>> #
>> # ----- leaprc for loading the ff14SBonlysc (ff14SB only side chain) force field
>> # ----- NOTE: this is designed for PDB format 3!
>> #    Uses frcmod.ff14SB + frcmod.ff99SB14 for proteins
>> #       = ff99SB backbone + ff14SB side chains;
>> #
>> #	load atom type hybridizations
>> #
>> addAtomTypes {
>> 	{ "H"   "H" "sp3" }
>> 	{ "HO"  "H" "sp3" }
>> 	{ "HS"  "H" "sp3" }
>> 	{ "H1"  "H" "sp3" }
>> 	{ "H2"  "H" "sp3" }
>> 	{ "H3"  "H" "sp3" }
>> 	{ "H4"  "H" "sp3" }
>> 	{ "H5"  "H" "sp3" }
>> 	{ "HW"  "H" "sp3" }
>> 	{ "HC"  "H" "sp3" }
>> 	{ "HA"  "H" "sp3" }
>> 	{ "HP"  "H" "sp3" }
>> 	{ "HZ"  "H" "sp3" }
>> 	{ "OH"  "O" "sp3" }
>> 	{ "OS"  "O" "sp3" }
>> 	{ "O"   "O" "sp2" }
>> 	{ "O2"  "O" "sp2" }
>> 	{ "OP"  "O" "sp2" }
>> 	{ "OW"  "O" "sp3" }
>> 	{ "CT"  "C" "sp3" }
>> 	{ "CX"  "C" "sp3" }
>> 	{ "C8"  "C" "sp3" }
>> 	{ "2C"  "C" "sp3" }
>> 	{ "3C"  "C" "sp3" }
>> 	{ "CH"  "C" "sp3" }
>> 	{ "CS"  "C" "sp2" }
>> 	{ "C"   "C" "sp2" }
>> 	{ "CO"   "C" "sp2" }
>> 	{ "C*"  "C" "sp2" }
>> 	{ "CA"  "C" "sp2" }
>> 	{ "CB"  "C" "sp2" }
>> 	{ "CC"  "C" "sp2" }
>> 	{ "CN"  "C" "sp2" }
>> 	{ "CM"  "C" "sp2" }
>> 	{ "CK"  "C" "sp2" }
>> 	{ "CQ"  "C" "sp2" }
>> 	{ "CD"  "C" "sp2" }
>> 	{ "C5"  "C" "sp2" }
>> 	{ "C4"  "C" "sp2" }
>> 	{ "CP"  "C" "sp2" }
>> 	{ "CI"  "C" "sp3" }
>> 	{ "CJ"  "C" "sp2" }
>> 	{ "CW"  "C" "sp2" }
>> 	{ "CV"  "C" "sp2" }
>> 	{ "CR"  "C" "sp2" }
>> 	{ "CA"  "C" "sp2" }
>> 	{ "CY"  "C" "sp2" }
>> 	{ "C0"  "Ca" "sp3" }
>> 	{ "MG"  "Mg" "sp3" }
>> 	{ "N"   "N" "sp2" }
>> 	{ "NA"  "N" "sp2" }
>> 	{ "N2"  "N" "sp2" }
>> 	{ "N*"  "N" "sp2" }
>> 	{ "NP"  "N" "sp2" }
>> 	{ "NQ"  "N" "sp2" }
>> 	{ "NB"  "N" "sp2" }
>> 	{ "NC"  "N" "sp2" }
>> 	{ "NT"  "N" "sp3" }
>> 	{ "NY"  "N" "sp2" }
>> 	{ "N3"  "N" "sp3" }
>> 	{ "S"   "S" "sp3" }
>> 	{ "SH"  "S" "sp3" }
>> 	{ "P"   "P" "sp3" }
>> 	{ "LP"  ""  "sp3" }
>> 	{ "EP"  ""  "sp3" }
>> 	{ "F"   "F" "sp3" }
>> 	{ "Cl"  "Cl" "sp3" }
>> 	{ "Br"  "Br" "sp3" }
>> 	{ "I"   "I"  "sp3" }
>> }
>> #
>> #	Load the main parameter set.
>> #
>> parm10 = loadamberparams parm10.dat
Loading parameters: /home/adriandlee/anaconda2/envs/omm/bin/../dat/leap/parm/parm10.dat
Reading title:
PARM99 + frcmod.ff99SB + frcmod.parmbsc0 + OL3 for RNA
(UNKNOWN ATOM TYPE: Zn)
(UNKNOWN ATOM TYPE: EP)
>> frcmod14SB = loadamberparams frcmod.ff14SB
Loading parameters: /home/adriandlee/anaconda2/envs/omm/bin/../dat/leap/parm/frcmod.ff14SB
Reading force field modification type file (frcmod)
Reading title:
ff14SB protein backbone and sidechain parameters
>> frcmod99SBbb = loadamberparams frcmod.ff99SB14
Loading parameters: /home/adriandlee/anaconda2/envs/omm/bin/../dat/leap/parm/frcmod.ff99SB14
Reading force field modification type file (frcmod)
Reading title:
ff99SB backbone parameters (Hornak & Simmerling) with ff14SB atom types
>> #
>> #	Load main chain and terminating amino acid libraries, nucleic acids
>> #
>> loadOff amino12.lib
Loading library: /home/adriandlee/anaconda2/envs/omm/bin/../dat/leap/lib/amino12.lib
Loading: ALA
Loading: ARG
Loading: ASH
Loading: ASN
Loading: ASP
Loading: CYM
Loading: CYS
Loading: CYX
Loading: GLH
Loading: GLN
Loading: GLU
Loading: GLY
Loading: HID
Loading: HIE
Loading: HIP
Loading: HYP
Loading: ILE
Loading: LEU
Loading: LYN
Loading: LYS
Loading: MET
Loading: PHE
Loading: PRO
Loading: SER
Loading: THR
Loading: TRP
Loading: TYR
Loading: VAL
>> loadOff aminoct12.lib
Loading library: /home/adriandlee/anaconda2/envs/omm/bin/../dat/leap/lib/aminoct12.lib
Loading: CALA
Loading: CARG
Loading: CASN
Loading: CASP
Loading: CCYS
Loading: CCYX
Loading: CGLN
Loading: CGLU
Loading: CGLY
Loading: CHID
Loading: CHIE
Loading: CHIP
Loading: CHYP
Loading: CILE
Loading: CLEU
Loading: CLYS
Loading: CMET
Loading: CPHE
Loading: CPRO
Loading: CSER
Loading: CTHR
Loading: CTRP
Loading: CTYR
Loading: CVAL
Loading: NHE
Loading: NME
>> loadOff aminont12.lib
Loading library: /home/adriandlee/anaconda2/envs/omm/bin/../dat/leap/lib/aminont12.lib
Loading: ACE
Loading: NALA
Loading: NARG
Loading: NASN
Loading: NASP
Loading: NCYS
Loading: NCYX
Loading: NGLN
Loading: NGLU
Loading: NGLY
Loading: NHID
Loading: NHIE
Loading: NHIP
Loading: NILE
Loading: NLEU
Loading: NLYS
Loading: NMET
Loading: NPHE
Loading: NPRO
Loading: NSER
Loading: NTHR
Loading: NTRP
Loading: NTYR
Loading: NVAL
>> 
>> #
>> #	Define the PDB name map for the amino acids and nucleic acids
>> #
>> addPdbResMap {
>>   { 0 "HYP" "NHYP" } { 1 "HYP" "CHYP" }
>>   { 0 "ALA" "NALA" } { 1 "ALA" "CALA" }
>>   { 0 "ARG" "NARG" } { 1 "ARG" "CARG" }
>>   { 0 "ASN" "NASN" } { 1 "ASN" "CASN" }
>>   { 0 "ASP" "NASP" } { 1 "ASP" "CASP" }
>>   { 0 "CYS" "NCYS" } { 1 "CYS" "CCYS" }
>>   { 0 "CYX" "NCYX" } { 1 "CYX" "CCYX" }
>>   { 0 "GLN" "NGLN" } { 1 "GLN" "CGLN" }
>>   { 0 "GLU" "NGLU" } { 1 "GLU" "CGLU" }
>>   { 0 "GLY" "NGLY" } { 1 "GLY" "CGLY" }
>>   { 0 "HID" "NHID" } { 1 "HID" "CHID" }
>>   { 0 "HIE" "NHIE" } { 1 "HIE" "CHIE" }
>>   { 0 "HIP" "NHIP" } { 1 "HIP" "CHIP" }
>>   { 0 "ILE" "NILE" } { 1 "ILE" "CILE" }
>>   { 0 "LEU" "NLEU" } { 1 "LEU" "CLEU" }
>>   { 0 "LYS" "NLYS" } { 1 "LYS" "CLYS" }
>>   { 0 "MET" "NMET" } { 1 "MET" "CMET" }
>>   { 0 "PHE" "NPHE" } { 1 "PHE" "CPHE" }
>>   { 0 "PRO" "NPRO" } { 1 "PRO" "CPRO" }
>>   { 0 "SER" "NSER" } { 1 "SER" "CSER" }
>>   { 0 "THR" "NTHR" } { 1 "THR" "CTHR" }
>>   { 0 "TRP" "NTRP" } { 1 "TRP" "CTRP" }
>>   { 0 "TYR" "NTYR" } { 1 "TYR" "CTYR" }
>>   { 0 "VAL" "NVAL" } { 1 "VAL" "CVAL" }
>>   { 0 "HIS" "NHIS" } { 1 "HIS" "CHIS" }
>> }
>> 
>> #
>> # assume that most often proteins use HIE
>> #
>> NHIS = NHIE
>> HIS = HIE
>> CHIS = CHIE
> 
> source leaprc.gaff
----- Source: /home/adriandlee/anaconda2/envs/omm/bin/../dat/leap/cmd/leaprc.gaff
----- Source of /home/adriandlee/anaconda2/envs/omm/bin/../dat/leap/cmd/leaprc.gaff done
>> logFile leap.log
log started: Tue Jul 30 14:39:53 2019

Log file: ./leap.log
>> #
>> # ----- leaprc for loading the general Amber Force field.
>> #       This file is mostly for use with Antechamber
>> #
>> #	load atom type hybridizations
>> #
>> addAtomTypes {
>> 	{ "h1"  "H" "sp3" }
>> 	{ "h2"  "H" "sp3" }
>> 	{ "h3"  "H" "sp3" }
>> 	{ "h4"  "H" "sp3" }
>> 	{ "h5"  "H" "sp3" }
>> 	{ "ha"  "H" "sp3" }
>> 	{ "hc"  "H" "sp3" }
>> 	{ "hn"  "H" "sp3" }
>> 	{ "ho"  "H" "sp3" }
>> 	{ "hp"  "H" "sp3" }
>> 	{ "hs"  "H" "sp3" }
>> 	{ "hw"  "H" "sp3" }
>> 	{ "hx"  "H" "sp3" }
>> 	{ "o"  "O" "sp2" }
>> 	{ "o2"  "O" "sp2" }
>> 	{ "oh"  "O" "sp3" }
>> 	{ "os"  "O" "sp3" }
>> 	{ "ow"  "O" "sp3" }
>> 	{ "c"  "C" "sp2" }
>> 	{ "c1"  "C" "sp2" }
>> 	{ "c2"  "C" "sp2" }
>> 	{ "c3"  "C" "sp3" }
>> 	{ "ca"  "C" "sp2" }
>> 	{ "cc"  "C" "sp2" }
>> 	{ "cd"  "C" "sp2" }
>> 	{ "ce"  "C" "sp2" }
>> 	{ "cf"  "C" "sp2" }
>> 	{ "cg"  "C" "sp2" }
>> 	{ "ch"  "C" "sp2" }
>> 	{ "cp"  "C" "sp2" }
>> 	{ "cq"  "C" "sp2" }
>> 	{ "cu"  "C" "sp2" }
>> 	{ "cv"  "C" "sp2" }
>> 	{ "cx"  "C" "sp2" }
>> 	{ "cy"  "C" "sp2" }
>> 	{ "cz"  "C" "sp2" }
>> 	{ "n"   "N" "sp2" }
>> 	{ "n1"  "N" "sp2" }
>> 	{ "n2"  "N" "sp2" }
>> 	{ "n3"  "N" "sp3" }
>> 	{ "n4"  "N" "sp3" }
>> 	{ "na"  "N" "sp2" }
>> 	{ "nb"  "N" "sp2" }
>> 	{ "nc"  "N" "sp2" }
>> 	{ "nd"  "N" "sp2" }
>> 	{ "ne"  "N" "sp2" }
>> 	{ "nf"  "N" "sp2" }
>> 	{ "nh"  "N" "sp2" }
>> 	{ "no"  "N" "sp2" }
>> 	{ "s"   "S" "sp2" }
>> 	{ "s2"   "S" "sp2" }
>> 	{ "s3"   "S" "sp3" }
>> 	{ "s4"   "S" "sp3" }
>> 	{ "s6"   "S" "sp3" }
>> 	{ "sh"   "S" "sp3" }
>> 	{ "ss"   "S" "sp3" }
>> 	{ "sx"   "S" "sp3" }
>> 	{ "sy"   "S" "sp3" }
>> 	{ "p2"   "P" "sp2" }
>> 	{ "p3"   "P" "sp3" }
>> 	{ "p4"   "P" "sp3" }
>> 	{ "p5"   "P" "sp3" }
>> 	{ "pb"   "P" "sp3" }
>> 	{ "pc"   "P" "sp3" }
>> 	{ "pd"   "P" "sp3" }
>> 	{ "pe"   "P" "sp3" }
>> 	{ "pf"   "P" "sp3" }
>> 	{ "px"   "P" "sp3" }
>> 	{ "py"   "P" "sp3" }
>> 	{ "f"   "F" "sp3" }
>> 	{ "cl"  "Cl" "sp3" }
>> 	{ "br"  "Br" "sp3" }
>> 	{ "i"   "I"  "sp3" }
>> }
>> #
>> #	Load the general force field parameter set.
>> #
>> gaff = loadamberparams gaff.dat
Loading parameters: /home/adriandlee/anaconda2/envs/omm/bin/../dat/leap/parm/gaff.dat
Reading title:
AMBER General Force Field for organic molecules (Version 1.8, Mar 2015)
> 
> set default PBRadii mbondi3
Using ArgH and AspGluO modified Bondi2 radii
> rec = loadPDB build/apo.pdb # May need full filepath?
Loading PDB file: ./build/apo.pdb
Enter zPdbReadScan from call depth  0.
Exit  zPdbReadScan from call depth  0.
Matching PDB residue names to LEaP variables.
(Residue 0: ACE, Terminal/beginning, was not found in name map.)
(Residue 1: SER, Nonterminal, was not found in name map.)
(Residue 2: PRO, Nonterminal, was not found in name map.)
(Residue 3: ASN, Nonterminal, was not found in name map.)
(Residue 4: TYR, Nonterminal, was not found in name map.)
(Residue 5: ASP, Nonterminal, was not found in name map.)
(Residue 6: LYS, Nonterminal, was not found in name map.)
(Residue 7: TRP, Nonterminal, was not found in name map.)
(Residue 8: GLU, Nonterminal, was not found in name map.)
(Residue 9: MET, Nonterminal, was not found in name map.)
(Residue 10: GLU, Nonterminal, was not found in name map.)
(Residue 11: ARG, Nonterminal, was not found in name map.)
(Residue 12: THR, Nonterminal, was not found in name map.)
(Residue 13: ASP, Nonterminal, was not found in name map.)
(Residue 14: ILE, Nonterminal, was not found in name map.)
(Residue 15: THR, Nonterminal, was not found in name map.)
(Residue 16: MET, Nonterminal, was not found in name map.)
(Residue 17: LYS, Nonterminal, was not found in name map.)
(Residue 18: HIE, Nonterminal, was not found in name map.)
(Residue 19: LYS, Nonterminal, was not found in name map.)
(Residue 20: LEU, Nonterminal, was not found in name map.)
(Residue 21: GLY, Nonterminal, was not found in name map.)
(Residue 22: GLY, Nonterminal, was not found in name map.)
(Residue 23: GLY, Nonterminal, was not found in name map.)
(Residue 24: GLN, Nonterminal, was not found in name map.)
(Residue 25: TYR, Nonterminal, was not found in name map.)
(Residue 26: GLY, Nonterminal, was not found in name map.)
(Residue 27: GLU, Nonterminal, was not found in name map.)
(Residue 28: VAL, Nonterminal, was not found in name map.)
(Residue 29: TYR, Nonterminal, was not found in name map.)
(Residue 30: GLU, Nonterminal, was not found in name map.)
(Residue 31: GLY, Nonterminal, was not found in name map.)
(Residue 32: VAL, Nonterminal, was not found in name map.)
(Residue 33: TRP, Nonterminal, was not found in name map.)
(Residue 34: LYS, Nonterminal, was not found in name map.)
(Residue 35: LYS, Nonterminal, was not found in name map.)
(Residue 36: TYR, Nonterminal, was not found in name map.)
(Residue 37: SER, Nonterminal, was not found in name map.)
(Residue 38: LEU, Nonterminal, was not found in name map.)
(Residue 39: THR, Nonterminal, was not found in name map.)
(Residue 40: VAL, Nonterminal, was not found in name map.)
(Residue 41: ALA, Nonterminal, was not found in name map.)
(Residue 42: VAL, Nonterminal, was not found in name map.)
(Residue 43: LYS, Nonterminal, was not found in name map.)
(Residue 44: THR, Nonterminal, was not found in name map.)
(Residue 45: LEU, Nonterminal, was not found in name map.)
(Residue 46: LYS, Nonterminal, was not found in name map.)
(Residue 47: GLU, Nonterminal, was not found in name map.)
(Residue 48: ASP, Nonterminal, was not found in name map.)
(Residue 49: THR, Nonterminal, was not found in name map.)
(Residue 50: MET, Nonterminal, was not found in name map.)
(Residue 51: GLU, Nonterminal, was not found in name map.)
(Residue 52: VAL, Nonterminal, was not found in name map.)
(Residue 53: GLU, Nonterminal, was not found in name map.)
(Residue 54: GLU, Nonterminal, was not found in name map.)
(Residue 55: PHE, Nonterminal, was not found in name map.)
(Residue 56: LEU, Nonterminal, was not found in name map.)
(Residue 57: LYS, Nonterminal, was not found in name map.)
(Residue 58: GLU, Nonterminal, was not found in name map.)
(Residue 59: ALA, Nonterminal, was not found in name map.)
(Residue 60: ALA, Nonterminal, was not found in name map.)
(Residue 61: VAL, Nonterminal, was not found in name map.)
(Residue 62: MET, Nonterminal, was not found in name map.)
(Residue 63: LYS, Nonterminal, was not found in name map.)
(Residue 64: GLU, Nonterminal, was not found in name map.)
(Residue 65: ILE, Nonterminal, was not found in name map.)
(Residue 66: LYS, Nonterminal, was not found in name map.)
(Residue 67: HIE, Nonterminal, was not found in name map.)
(Residue 68: PRO, Nonterminal, was not found in name map.)
(Residue 69: ASN, Nonterminal, was not found in name map.)
(Residue 70: LEU, Nonterminal, was not found in name map.)
(Residue 71: VAL, Nonterminal, was not found in name map.)
(Residue 72: GLN, Nonterminal, was not found in name map.)
(Residue 73: LEU, Nonterminal, was not found in name map.)
(Residue 74: LEU, Nonterminal, was not found in name map.)
(Residue 75: GLY, Nonterminal, was not found in name map.)
(Residue 76: VAL, Nonterminal, was not found in name map.)
(Residue 77: CYS, Nonterminal, was not found in name map.)
(Residue 78: THR, Nonterminal, was not found in name map.)
(Residue 79: ARG, Nonterminal, was not found in name map.)
(Residue 80: GLU, Nonterminal, was not found in name map.)
(Residue 81: PRO, Nonterminal, was not found in name map.)
(Residue 82: PRO, Nonterminal, was not found in name map.)
(Residue 83: PHE, Nonterminal, was not found in name map.)
(Residue 84: TYR, Nonterminal, was not found in name map.)
(Residue 85: ILE, Nonterminal, was not found in name map.)
(Residue 86: ILE, Nonterminal, was not found in name map.)
(Residue 87: THR, Nonterminal, was not found in name map.)
(Residue 88: GLU, Nonterminal, was not found in name map.)
(Residue 89: PHE, Nonterminal, was not found in name map.)
(Residue 90: MET, Nonterminal, was not found in name map.)
(Residue 91: THR, Nonterminal, was not found in name map.)
(Residue 92: TYR, Nonterminal, was not found in name map.)
(Residue 93: GLY, Nonterminal, was not found in name map.)
(Residue 94: ASN, Nonterminal, was not found in name map.)
(Residue 95: LEU, Nonterminal, was not found in name map.)
(Residue 96: LEU, Nonterminal, was not found in name map.)
(Residue 97: ASP, Nonterminal, was not found in name map.)
(Residue 98: TYR, Nonterminal, was not found in name map.)
(Residue 99: LEU, Nonterminal, was not found in name map.)
(Residue 100: ARG, Nonterminal, was not found in name map.)
(Residue 101: GLU, Nonterminal, was not found in name map.)
(Residue 102: CYS, Nonterminal, was not found in name map.)
(Residue 103: ASN, Nonterminal, was not found in name map.)
(Residue 104: ARG, Nonterminal, was not found in name map.)
(Residue 105: GLN, Nonterminal, was not found in name map.)
(Residue 106: GLU, Nonterminal, was not found in name map.)
(Residue 107: VAL, Nonterminal, was not found in name map.)
(Residue 108: ASN, Nonterminal, was not found in name map.)
(Residue 109: ALA, Nonterminal, was not found in name map.)
(Residue 110: VAL, Nonterminal, was not found in name map.)
(Residue 111: VAL, Nonterminal, was not found in name map.)
(Residue 112: LEU, Nonterminal, was not found in name map.)
(Residue 113: LEU, Nonterminal, was not found in name map.)
(Residue 114: TYR, Nonterminal, was not found in name map.)
(Residue 115: MET, Nonterminal, was not found in name map.)
(Residue 116: ALA, Nonterminal, was not found in name map.)
(Residue 117: THR, Nonterminal, was not found in name map.)
(Residue 118: GLN, Nonterminal, was not found in name map.)
(Residue 119: ILE, Nonterminal, was not found in name map.)
(Residue 120: SER, Nonterminal, was not found in name map.)
(Residue 121: SER, Nonterminal, was not found in name map.)
(Residue 122: ALA, Nonterminal, was not found in name map.)
(Residue 123: MET, Nonterminal, was not found in name map.)
(Residue 124: GLU, Nonterminal, was not found in name map.)
(Residue 125: TYR, Nonterminal, was not found in name map.)
(Residue 126: LEU, Nonterminal, was not found in name map.)
(Residue 127: GLU, Nonterminal, was not found in name map.)
(Residue 128: LYS, Nonterminal, was not found in name map.)
(Residue 129: LYS, Nonterminal, was not found in name map.)
(Residue 130: ASN, Nonterminal, was not found in name map.)
(Residue 131: PHE, Nonterminal, was not found in name map.)
(Residue 132: ILE, Nonterminal, was not found in name map.)
(Residue 133: HIE, Nonterminal, was not found in name map.)
(Residue 134: ARG, Nonterminal, was not found in name map.)
(Residue 135: ASP, Nonterminal, was not found in name map.)
(Residue 136: LEU, Nonterminal, was not found in name map.)
(Residue 137: ALA, Nonterminal, was not found in name map.)
(Residue 138: ALA, Nonterminal, was not found in name map.)
(Residue 139: ARG, Nonterminal, was not found in name map.)
(Residue 140: ASN, Nonterminal, was not found in name map.)
(Residue 141: CYS, Nonterminal, was not found in name map.)
(Residue 142: LEU, Nonterminal, was not found in name map.)
(Residue 143: VAL, Nonterminal, was not found in name map.)
(Residue 144: GLY, Nonterminal, was not found in name map.)
(Residue 145: GLU, Nonterminal, was not found in name map.)
(Residue 146: ASN, Nonterminal, was not found in name map.)
(Residue 147: HIE, Nonterminal, was not found in name map.)
(Residue 148: LEU, Nonterminal, was not found in name map.)
(Residue 149: VAL, Nonterminal, was not found in name map.)
(Residue 150: LYS, Nonterminal, was not found in name map.)
(Residue 151: VAL, Nonterminal, was not found in name map.)
(Residue 152: ALA, Nonterminal, was not found in name map.)
(Residue 153: ASP, Nonterminal, was not found in name map.)
(Residue 154: PHE, Nonterminal, was not found in name map.)
(Residue 155: GLY, Nonterminal, was not found in name map.)
(Residue 156: LEU, Nonterminal, was not found in name map.)
(Residue 157: SER, Nonterminal, was not found in name map.)
(Residue 158: ARG, Nonterminal, was not found in name map.)
(Residue 159: LEU, Nonterminal, was not found in name map.)
(Residue 160: MET, Nonterminal, was not found in name map.)
(Residue 161: THR, Nonterminal, was not found in name map.)
(Residue 162: GLY, Nonterminal, was not found in name map.)
(Residue 163: ASP, Nonterminal, was not found in name map.)
(Residue 164: THR, Nonterminal, was not found in name map.)
(Residue 165: TYR, Nonterminal, was not found in name map.)
(Residue 166: THR, Nonterminal, was not found in name map.)
(Residue 167: ALA, Nonterminal, was not found in name map.)
(Residue 168: HIE, Nonterminal, was not found in name map.)
(Residue 169: ALA, Nonterminal, was not found in name map.)
(Residue 170: GLY, Nonterminal, was not found in name map.)
(Residue 171: ALA, Nonterminal, was not found in name map.)
(Residue 172: LYS, Nonterminal, was not found in name map.)
(Residue 173: PHE, Nonterminal, was not found in name map.)
(Residue 174: PRO, Nonterminal, was not found in name map.)
(Residue 175: ILE, Nonterminal, was not found in name map.)
(Residue 176: LYS, Nonterminal, was not found in name map.)
(Residue 177: TRP, Nonterminal, was not found in name map.)
(Residue 178: THR, Nonterminal, was not found in name map.)
(Residue 179: ALA, Nonterminal, was not found in name map.)
(Residue 180: PRO, Nonterminal, was not found in name map.)
(Residue 181: GLU, Nonterminal, was not found in name map.)
(Residue 182: SER, Nonterminal, was not found in name map.)
(Residue 183: LEU, Nonterminal, was not found in name map.)
(Residue 184: ALA, Nonterminal, was not found in name map.)
(Residue 185: TYR, Nonterminal, was not found in name map.)
(Residue 186: ASN, Nonterminal, was not found in name map.)
(Residue 187: LYS, Nonterminal, was not found in name map.)
(Residue 188: PHE, Nonterminal, was not found in name map.)
(Residue 189: SER, Nonterminal, was not found in name map.)
(Residue 190: ILE, Nonterminal, was not found in name map.)
(Residue 191: LYS, Nonterminal, was not found in name map.)
(Residue 192: SER, Nonterminal, was not found in name map.)
(Residue 193: ASP, Nonterminal, was not found in name map.)
(Residue 194: VAL, Nonterminal, was not found in name map.)
(Residue 195: TRP, Nonterminal, was not found in name map.)
(Residue 196: ALA, Nonterminal, was not found in name map.)
(Residue 197: PHE, Nonterminal, was not found in name map.)
(Residue 198: GLY, Nonterminal, was not found in name map.)
(Residue 199: VAL, Nonterminal, was not found in name map.)
(Residue 200: LEU, Nonterminal, was not found in name map.)
(Residue 201: LEU, Nonterminal, was not found in name map.)
(Residue 202: TRP, Nonterminal, was not found in name map.)
(Residue 203: GLU, Nonterminal, was not found in name map.)
(Residue 204: ILE, Nonterminal, was not found in name map.)
(Residue 205: ALA, Nonterminal, was not found in name map.)
(Residue 206: THR, Nonterminal, was not found in name map.)
(Residue 207: TYR, Nonterminal, was not found in name map.)
(Residue 208: GLY, Nonterminal, was not found in name map.)
(Residue 209: MET, Nonterminal, was not found in name map.)
(Residue 210: SER, Nonterminal, was not found in name map.)
(Residue 211: PRO, Nonterminal, was not found in name map.)
(Residue 212: TYR, Nonterminal, was not found in name map.)
(Residue 213: PRO, Nonterminal, was not found in name map.)
(Residue 214: GLY, Nonterminal, was not found in name map.)
(Residue 215: ILE, Nonterminal, was not found in name map.)
(Residue 216: ASP, Nonterminal, was not found in name map.)
(Residue 217: LEU, Nonterminal, was not found in name map.)
(Residue 218: SER, Nonterminal, was not found in name map.)
(Residue 219: GLN, Nonterminal, was not found in name map.)
(Residue 220: VAL, Nonterminal, was not found in name map.)
(Residue 221: TYR, Nonterminal, was not found in name map.)
(Residue 222: GLU, Nonterminal, was not found in name map.)
(Residue 223: LEU, Nonterminal, was not found in name map.)
(Residue 224: LEU, Nonterminal, was not found in name map.)
(Residue 225: GLU, Nonterminal, was not found in name map.)
(Residue 226: LYS, Nonterminal, was not found in name map.)
(Residue 227: ASP, Nonterminal, was not found in name map.)
(Residue 228: TYR, Nonterminal, was not found in name map.)
(Residue 229: ARG, Nonterminal, was not found in name map.)
(Residue 230: MET, Nonterminal, was not found in name map.)
(Residue 231: GLU, Nonterminal, was not found in name map.)
(Residue 232: ARG, Nonterminal, was not found in name map.)
(Residue 233: PRO, Nonterminal, was not found in name map.)
(Residue 234: GLU, Nonterminal, was not found in name map.)
(Residue 235: GLY, Nonterminal, was not found in name map.)
(Residue 236: CYS, Nonterminal, was not found in name map.)
(Residue 237: PRO, Nonterminal, was not found in name map.)
(Residue 238: GLU, Nonterminal, was not found in name map.)
(Residue 239: LYS, Nonterminal, was not found in name map.)
(Residue 240: VAL, Nonterminal, was not found in name map.)
(Residue 241: TYR, Nonterminal, was not found in name map.)
(Residue 242: GLU, Nonterminal, was not found in name map.)
(Residue 243: LEU, Nonterminal, was not found in name map.)
(Residue 244: MET, Nonterminal, was not found in name map.)
(Residue 245: ARG, Nonterminal, was not found in name map.)
(Residue 246: ALA, Nonterminal, was not found in name map.)
(Residue 247: CYS, Nonterminal, was not found in name map.)
(Residue 248: TRP, Nonterminal, was not found in name map.)
(Residue 249: GLN, Nonterminal, was not found in name map.)
(Residue 250: TRP, Nonterminal, was not found in name map.)
(Residue 251: ASN, Nonterminal, was not found in name map.)
(Residue 252: PRO, Nonterminal, was not found in name map.)
(Residue 253: SER, Nonterminal, was not found in name map.)
(Residue 254: ASP, Nonterminal, was not found in name map.)
(Residue 255: ARG, Nonterminal, was not found in name map.)
(Residue 256: PRO, Nonterminal, was not found in name map.)
(Residue 257: SER, Nonterminal, was not found in name map.)
(Residue 258: PHE, Nonterminal, was not found in name map.)
(Residue 259: ALA, Nonterminal, was not found in name map.)
(Residue 260: GLU, Nonterminal, was not found in name map.)
(Residue 261: ILE, Nonterminal, was not found in name map.)
(Residue 262: HIE, Nonterminal, was not found in name map.)
(Residue 263: GLN, Nonterminal, was not found in name map.)
(Residue 264: ALA, Nonterminal, was not found in name map.)
(Residue 265: PHE, Nonterminal, was not found in name map.)
(Residue 266: GLU, Nonterminal, was not found in name map.)
(Residue 267: THR, Nonterminal, was not found in name map.)
(Residue 268: MET, Nonterminal, was not found in name map.)
(Residue 269: PHE, Nonterminal, was not found in name map.)
(Residue 270: GLN, Nonterminal, was not found in name map.)
(Residue 271: GLU, Nonterminal, was not found in name map.)
(Residue 272: SER, Nonterminal, was not found in name map.)
(Residue 273: SER, Nonterminal, was not found in name map.)
(Residue 274: ILE, Nonterminal, was not found in name map.)
(Residue 275: SER, Nonterminal, was not found in name map.)
(Residue 276: ASP, Nonterminal, was not found in name map.)
(Residue 277: GLU, Nonterminal, was not found in name map.)
(Residue 278: VAL, Nonterminal, was not found in name map.)
(Residue 279: GLU, Nonterminal, was not found in name map.)
(Residue 280: LYS, Nonterminal, was not found in name map.)
(Residue 281: GLU, Nonterminal, was not found in name map.)
(Residue 282: LEU, Nonterminal, was not found in name map.)
(Residue 283: GLY, Nonterminal, was not found in name map.)
(Residue 284: LYS, Nonterminal, was not found in name map.)
(Residue 285: NME, Terminal/last, was not found in name map.)
Joining ACE - SER
Joining SER - PRO
Joining PRO - ASN
Joining ASN - TYR
Joining TYR - ASP
Joining ASP - LYS
Joining LYS - TRP
Joining TRP - GLU
Joining GLU - MET
Joining MET - GLU
Joining GLU - ARG
Joining ARG - THR
Joining THR - ASP
Joining ASP - ILE
Joining ILE - THR
Joining THR - MET
Joining MET - LYS
Joining LYS - HIE
Joining HIE - LYS
Joining LYS - LEU
Joining LEU - GLY
Joining GLY - GLY
Joining GLY - GLY
Joining GLY - GLN
Joining GLN - TYR
Joining TYR - GLY
Joining GLY - GLU
Joining GLU - VAL
Joining VAL - TYR
Joining TYR - GLU
Joining GLU - GLY
Joining GLY - VAL
Joining VAL - TRP
Joining TRP - LYS
Joining LYS - LYS
Joining LYS - TYR
Joining TYR - SER
Joining SER - LEU
Joining LEU - THR
Joining THR - VAL
Joining VAL - ALA
Joining ALA - VAL
Joining VAL - LYS
Joining LYS - THR
Joining THR - LEU
Joining LEU - LYS
Joining LYS - GLU
Joining GLU - ASP
Joining ASP - THR
Joining THR - MET
Joining MET - GLU
Joining GLU - VAL
Joining VAL - GLU
Joining GLU - GLU
Joining GLU - PHE
Joining PHE - LEU
Joining LEU - LYS
Joining LYS - GLU
Joining GLU - ALA
Joining ALA - ALA
Joining ALA - VAL
Joining VAL - MET
Joining MET - LYS
Joining LYS - GLU
Joining GLU - ILE
Joining ILE - LYS
Joining LYS - HIE
Joining HIE - PRO
Joining PRO - ASN
Joining ASN - LEU
Joining LEU - VAL
Joining VAL - GLN
Joining GLN - LEU
Joining LEU - LEU
Joining LEU - GLY
Joining GLY - VAL
Joining VAL - CYS
Joining CYS - THR
Joining THR - ARG
Joining ARG - GLU
Joining GLU - PRO
Joining PRO - PRO
Joining PRO - PHE
Joining PHE - TYR
Joining TYR - ILE
Joining ILE - ILE
Joining ILE - THR
Joining THR - GLU
Joining GLU - PHE
Joining PHE - MET
Joining MET - THR
Joining THR - TYR
Joining TYR - GLY
Joining GLY - ASN
Joining ASN - LEU
Joining LEU - LEU
Joining LEU - ASP
Joining ASP - TYR
Joining TYR - LEU
Joining LEU - ARG
Joining ARG - GLU
Joining GLU - CYS
Joining CYS - ASN
Joining ASN - ARG
Joining ARG - GLN
Joining GLN - GLU
Joining GLU - VAL
Joining VAL - ASN
Joining ASN - ALA
Joining ALA - VAL
Joining VAL - VAL
Joining VAL - LEU
Joining LEU - LEU
Joining LEU - TYR
Joining TYR - MET
Joining MET - ALA
Joining ALA - THR
Joining THR - GLN
Joining GLN - ILE
Joining ILE - SER
Joining SER - SER
Joining SER - ALA
Joining ALA - MET
Joining MET - GLU
Joining GLU - TYR
Joining TYR - LEU
Joining LEU - GLU
Joining GLU - LYS
Joining LYS - LYS
Joining LYS - ASN
Joining ASN - PHE
Joining PHE - ILE
Joining ILE - HIE
Joining HIE - ARG
Joining ARG - ASP
Joining ASP - LEU
Joining LEU - ALA
Joining ALA - ALA
Joining ALA - ARG
Joining ARG - ASN
Joining ASN - CYS
Joining CYS - LEU
Joining LEU - VAL
Joining VAL - GLY
Joining GLY - GLU
Joining GLU - ASN
Joining ASN - HIE
Joining HIE - LEU
Joining LEU - VAL
Joining VAL - LYS
Joining LYS - VAL
Joining VAL - ALA
Joining ALA - ASP
Joining ASP - PHE
Joining PHE - GLY
Joining GLY - LEU
Joining LEU - SER
Joining SER - ARG
Joining ARG - LEU
Joining LEU - MET
Joining MET - THR
Joining THR - GLY
Joining GLY - ASP
Joining ASP - THR
Joining THR - TYR
Joining TYR - THR
Joining THR - ALA
Joining ALA - HIE
Joining HIE - ALA
Joining ALA - GLY
Joining GLY - ALA
Joining ALA - LYS
Joining LYS - PHE
Joining PHE - PRO
Joining PRO - ILE
Joining ILE - LYS
Joining LYS - TRP
Joining TRP - THR
Joining THR - ALA
Joining ALA - PRO
Joining PRO - GLU
Joining GLU - SER
Joining SER - LEU
Joining LEU - ALA
Joining ALA - TYR
Joining TYR - ASN
Joining ASN - LYS
Joining LYS - PHE
Joining PHE - SER
Joining SER - ILE
Joining ILE - LYS
Joining LYS - SER
Joining SER - ASP
Joining ASP - VAL
Joining VAL - TRP
Joining TRP - ALA
Joining ALA - PHE
Joining PHE - GLY
Joining GLY - VAL
Joining VAL - LEU
Joining LEU - LEU
Joining LEU - TRP
Joining TRP - GLU
Joining GLU - ILE
Joining ILE - ALA
Joining ALA - THR
Joining THR - TYR
Joining TYR - GLY
Joining GLY - MET
Joining MET - SER
Joining SER - PRO
Joining PRO - TYR
Joining TYR - PRO
Joining PRO - GLY
Joining GLY - ILE
Joining ILE - ASP
Joining ASP - LEU
Joining LEU - SER
Joining SER - GLN
Joining GLN - VAL
Joining VAL - TYR
Joining TYR - GLU
Joining GLU - LEU
Joining LEU - LEU
Joining LEU - GLU
Joining GLU - LYS
Joining LYS - ASP
Joining ASP - TYR
Joining TYR - ARG
Joining ARG - MET
Joining MET - GLU
Joining GLU - ARG
Joining ARG - PRO
Joining PRO - GLU
Joining GLU - GLY
Joining GLY - CYS
Joining CYS - PRO
Joining PRO - GLU
Joining GLU - LYS
Joining LYS - VAL
Joining VAL - TYR
Joining TYR - GLU
Joining GLU - LEU
Joining LEU - MET
Joining MET - ARG
Joining ARG - ALA
Joining ALA - CYS
Joining CYS - TRP
Joining TRP - GLN
Joining GLN - TRP
Joining TRP - ASN
Joining ASN - PRO
Joining PRO - SER
Joining SER - ASP
Joining ASP - ARG
Joining ARG - PRO
Joining PRO - SER
Joining SER - PHE
Joining PHE - ALA
Joining ALA - GLU
Joining GLU - ILE
Joining ILE - HIE
Joining HIE - GLN
Joining GLN - ALA
Joining ALA - PHE
Joining PHE - GLU
Joining GLU - THR
Joining THR - MET
Joining MET - PHE
Joining PHE - GLN
Joining GLN - GLU
Joining GLU - SER
Joining SER - SER
Joining SER - ILE
Joining ILE - SER
Joining SER - ASP
Joining ASP - GLU
Joining GLU - VAL
Joining VAL - GLU
Joining GLU - LYS
Joining LYS - GLU
Joining GLU - LEU
Joining LEU - GLY
Joining GLY - LYS
Joining LYS - NME
  total atoms in file: 4579
> saveAmberParm rec build/apo.prmtop build/apo.inpcrd
Checking Unit.
WARNING: The unperturbed charge of the unit: -11.000000 is not zero.

 -- ignoring the warning.

Building topology.
Building atom parameters.
Building bond parameters.
Building angle parameters.
Building proper torsion parameters.
Building improper torsion parameters.
 ** Warning: No sp2 improper torsion term for  C*-CN-CB-CA
        atoms are: CG CE2 CD2 CE3
 ** Warning: No sp2 improper torsion term for  NA-CA-CN-CB
        atoms are: NE1 CZ2 CE2 CD2
 ** Warning: No sp2 improper torsion term for  C*-CN-CB-CA
        atoms are: CG CE2 CD2 CE3
 ** Warning: No sp2 improper torsion term for  NA-CA-CN-CB
        atoms are: NE1 CZ2 CE2 CD2
 ** Warning: No sp2 improper torsion term for  C*-CN-CB-CA
        atoms are: CG CE2 CD2 CE3
 ** Warning: No sp2 improper torsion term for  NA-CA-CN-CB
        atoms are: NE1 CZ2 CE2 CD2
 ** Warning: No sp2 improper torsion term for  C*-CN-CB-CA
        atoms are: CG CE2 CD2 CE3
 ** Warning: No sp2 improper torsion term for  NA-CA-CN-CB
        atoms are: NE1 CZ2 CE2 CD2
 ** Warning: No sp2 improper torsion term for  C*-CN-CB-CA
        atoms are: CG CE2 CD2 CE3
 ** Warning: No sp2 improper torsion term for  NA-CA-CN-CB
        atoms are: NE1 CZ2 CE2 CD2
 ** Warning: No sp2 improper torsion term for  C*-CN-CB-CA
        atoms are: CG CE2 CD2 CE3
 ** Warning: No sp2 improper torsion term for  NA-CA-CN-CB
        atoms are: NE1 CZ2 CE2 CD2
 ** Warning: No sp2 improper torsion term for  C*-CN-CB-CA
        atoms are: CG CE2 CD2 CE3
 ** Warning: No sp2 improper torsion term for  NA-CA-CN-CB
        atoms are: NE1 CZ2 CE2 CD2
 total 928 improper torsions applied
Building H-Bond parameters.
Incorporating Non-Bonded adjustments.
Not Marking per-residue atom chain types.
Marking per-residue atom chain types.
 (no restraints)
> lig = loadmol2 build/lig.mol2
Loading Mol2 file: ./build/lig.mol2
Reading MOLECULE named UNL
> loadAmberParams build/lig.frcmod
Loading parameters: ./build/lig.frcmod
Reading force field modification type file (frcmod)
Reading title:
Remark line goes here
> com = combine {rec lig}
  Sequence: default_name
  Sequence: UNL
> saveAmberParm lig build/lig.prmtop build/lig.inpcrd
Checking Unit.
Building topology.
Building atom parameters.
Building bond parameters.
Building angle parameters.
Building proper torsion parameters.
Building improper torsion parameters.
 total 16 improper torsions applied
Building H-Bond parameters.
Incorporating Non-Bonded adjustments.
Not Marking per-residue atom chain types.
Marking per-residue atom chain types.
  (Residues lacking connect0/connect1 - 
   these don't have chain types marked:

	res	total affected

	UNL	1
  )
 (no restraints)
> saveAmberParm com build/com.prmtop build/com.inpcrd
Checking Unit.
WARNING: The unperturbed charge of the unit: -10.999000 is not zero.

 -- ignoring the warning.

Building topology.
Building atom parameters.
Building bond parameters.
Building angle parameters.
Building proper torsion parameters.
Building improper torsion parameters.
 ** Warning: No sp2 improper torsion term for  NA-CA-CN-CB
        atoms are: NE1 CZ2 CE2 CD2
 ** Warning: No sp2 improper torsion term for  C*-CN-CB-CA
        atoms are: CG CE2 CD2 CE3
 ** Warning: No sp2 improper torsion term for  NA-CA-CN-CB
        atoms are: NE1 CZ2 CE2 CD2
 ** Warning: No sp2 improper torsion term for  C*-CN-CB-CA
        atoms are: CG CE2 CD2 CE3
 ** Warning: No sp2 improper torsion term for  NA-CA-CN-CB
        atoms are: NE1 CZ2 CE2 CD2
 ** Warning: No sp2 improper torsion term for  C*-CN-CB-CA
        atoms are: CG CE2 CD2 CE3
 ** Warning: No sp2 improper torsion term for  NA-CA-CN-CB
        atoms are: NE1 CZ2 CE2 CD2
 ** Warning: No sp2 improper torsion term for  C*-CN-CB-CA
        atoms are: CG CE2 CD2 CE3
 ** Warning: No sp2 improper torsion term for  NA-CA-CN-CB
        atoms are: NE1 CZ2 CE2 CD2
 ** Warning: No sp2 improper torsion term for  C*-CN-CB-CA
        atoms are: CG CE2 CD2 CE3
 ** Warning: No sp2 improper torsion term for  NA-CA-CN-CB
        atoms are: NE1 CZ2 CE2 CD2
 ** Warning: No sp2 improper torsion term for  C*-CN-CB-CA
        atoms are: CG CE2 CD2 CE3
 ** Warning: No sp2 improper torsion term for  NA-CA-CN-CB
        atoms are: NE1 CZ2 CE2 CD2
 ** Warning: No sp2 improper torsion term for  C*-CN-CB-CA
        atoms are: CG CE2 CD2 CE3
 total 944 improper torsions applied
Building H-Bond parameters.
Incorporating Non-Bonded adjustments.
Not Marking per-residue atom chain types.
Marking per-residue atom chain types.
  (Residues lacking connect0/connect1 - 
   these don't have chain types marked:

	res	total affected

	UNL	1
  )
 (no restraints)
> quit
	Quit
