            --------------------------------------------------------
                             AMBER SQM VERSION 14
 
                                     By
              Ross C. Walker, Michael F. Crowley, Scott Brozell,
                         Tim Giese, Andreas W. Goetz,
                        Tai-Sung Lee and David A. Case
 
            --------------------------------------------------------
 

--------------------------------------------------------------------------------
  QM CALCULATION INFO
--------------------------------------------------------------------------------

| QMMM: Citation for AMBER QMMM Run:
| QMMM: R.C. Walker, M.F. Crowley and D.A. Case, J. COMP. CHEM. 29:1019, 2008

QMMM: SINGLET STATE CALCULATION
QMMM: RHF CALCULATION, NO. OF DOUBLY OCCUPIED LEVELS = 93

| QMMM: *** Selected Hamiltonian *** 
| QMMM: AM1         

| QMMM: *** Parameter sets in use ***
| QMMM: C : M.J.S.DEWAR et al. JACS, 107, 3902, (1985)
| QMMM: N : M.J.S.DEWAR et al. JACS, 107, 3902, (1985)
| QMMM: O : M.J.S.DEWAR et al. JACS, 107, 3902, (1985)
| QMMM: H : M.J.S.DEWAR et al. JACS, 107, 3902, (1985)

| QMMM: *** SCF convergence criteria ***
| QMMM: Energy change                :  0.1D-09 kcal/mol
| QMMM: Error matrix |FP-PF|         :  0.1D+00 au
| QMMM: Density matrix change        :  0.5D-06
| QMMM: Maximum number of SCF cycles :     1000

| QMMM: *** Diagonalization Routine Information ***
| QMMM: Pseudo diagonalizations are allowed.
| QMMM: Auto diagonalization routine selection is in use.
| QMMM:
| QMMM: Timing diagonalization routines:
| QMMM:                              norbs =      177
| QMMM:    diag iterations used for timing =        5
| QMMM:
| QMMM:              Internal diag routine = 0.055285 seconds
| QMMM:                 Dspev diag routine = 0.062649 seconds
| QMMM:                Dspevd diag routine = 0.044171 seconds
| QMMM:                Dspevx diag routine = 0.169240 seconds
| QMMM:                 Dsyev diag routine = 0.067906 seconds
| QMMM:                Dsyevd diag routine = 0.049458 seconds
| QMMM:                Dsyevr diag routine = 0.048432 seconds
| QMMM:
| QMMM:                Pseudo diag routine = 0.025598 seconds
| QMMM:
| QMMM: Using dspevd routine (diag_routine=3).

  QMMM: QM Region Cartesian Coordinates (*=link atom) 
  QMMM: QM_NO.   MM_NO.  ATOM         X         Y         Z
  QMMM:     1        1      C        4.3260  -11.2770    4.2780
  QMMM:     2        2      C        3.0720  -10.7260    4.5420
  QMMM:     3        3      C        4.5620  -11.9240    3.0650
  QMMM:     4        4      C        4.4820    0.3220   -7.2750
  QMMM:     5        5      C        4.3560    0.4530   -5.8760
  QMMM:     6        6      C        2.0540  -10.8210    3.5930
  QMMM:     7        7      C        3.5440  -12.0190    2.1160
  QMMM:     8        8      C        3.0110   -9.4580   -0.5330
  QMMM:     9        9      C        1.5430   -8.2460    0.9540
  QMMM:    10       10      C        3.8080   -8.3210   -0.6730
  QMMM:    11       11      C        2.3390   -7.1090    0.8140
  QMMM:    12       12      C        4.6210   -0.9350   -7.8700
  QMMM:    13       13      C        4.3680   -0.6690   -5.0400
  QMMM:    14       14      C        2.2900  -11.4680    2.3800
  QMMM:    15       15      C        1.8790   -9.4200    0.2810
  QMMM:    16       16      C        3.4720   -7.1470    0.0000
  QMMM:    17       17      C        4.6300   -2.0240   -7.0270
  QMMM:    18       18      C        4.5070   -1.9010   -5.6450
  QMMM:    19       19      C        1.2130  -11.5690    1.3750
  QMMM:    20       20      C        1.0380  -10.6200    0.4290
  QMMM:    21       21      C       -0.5550  -12.8350    0.6340
  QMMM:    22       22      C       -0.8490  -11.8290   -0.4540
  QMMM:    23       23      C        4.7090   -4.1380   -6.1420
  QMMM:    24       24      C        5.7290   -4.1970   -3.1980
  QMMM:    25       25      C        3.2370   -4.3710   -3.4090
  QMMM:    26       26      C        5.5930   -4.6240   -1.7350
  QMMM:    27       27      C        3.1830   -4.7930   -1.9400
  QMMM:    28       28      C        4.4610   -3.5010   -3.6920
  QMMM:    29       29      C       -1.4470  -14.0400    0.7110
  QMMM:    30       30      C        4.3310   -5.9240   -0.1490
  QMMM:    31       31      N        0.4180  -12.6900    1.4780
  QMMM:    32       32      N        4.7540   -3.3770   -7.3450
  QMMM:    33       33      N        0.0100  -10.7560   -0.4720
  QMMM:    34       34      N        4.5540   -3.1880   -5.0970
  QMMM:    35       35      N        4.4180   -5.4830   -1.5410
  QMMM:    36       36      O       -1.7850  -12.0210   -1.2150
  QMMM:    37       37      O        4.7890   -5.3550   -6.0480
  QMMM:    38       38      H        5.1180  -11.2020    5.0160
  QMMM:    39       39      H        2.8880  -10.2210    5.4860
  QMMM:    40       40      H        5.5380  -12.3520    2.8580
  QMMM:    41       41      H        4.4690    1.2130   -7.8970
  QMMM:    42       42      H        4.2490    1.4440   -5.4420
  QMMM:    43       43      H        1.0820  -10.3870    3.8130
  QMMM:    44       44      H        3.7430  -12.5260    1.1750
  QMMM:    45       45      H        3.2860  -10.3660   -1.0650
  QMMM:    46       46      H        0.6640   -8.2010    1.5920
  QMMM:    47       47      H        4.6880   -8.3600   -1.3090
  QMMM:    48       48      H        2.0700   -6.1980    1.3420
  QMMM:    49       49      H        4.7180   -1.0380   -8.9440
  QMMM:    50       50      H        4.2720   -0.5600   -3.9670
  QMMM:    51       51      H        6.5730   -3.5060   -3.2920
  QMMM:    52       52      H        5.9620   -5.0650   -3.8210
  QMMM:    53       53      H        3.2330   -5.2550   -4.0530
  QMMM:    54       54      H        2.3330   -3.8020   -3.6510
  QMMM:    55       55      H        6.5090   -5.1320   -1.4070
  QMMM:    56       56      H        5.4920   -3.7170   -1.1250
  QMMM:    57       57      H        3.0550   -3.8890   -1.3320
  QMMM:    58       58      H        2.3050   -5.4280   -1.7640
  QMMM:    59       59      H        4.3490   -2.5370   -3.1790
  QMMM:    60       60      H       -1.0340  -14.8340    0.0940
  QMMM:    61       61      H       -2.4400  -13.7790    0.3550
  QMMM:    62       62      H       -1.5130  -14.3750    1.7440
  QMMM:    63       63      H        3.9280   -5.0950    0.4430
  QMMM:    64       64      H        5.3490   -6.1140    0.2070
  QMMM:    65       65      H        4.8580   -3.7450   -8.2820
  QMMM:    66       66      H       -0.1180  -10.0350   -1.1760

--------------------------------------------------------------------------------
  RESULTS
--------------------------------------------------------------------------------

      iter         sqm energy              rms gradient
      ----    -------------------    -----------------------
xmin    10       76.0617 kcal/mol        0.1418 kcal/(mol*A)
xmin    20       75.7432 kcal/mol        0.2586 kcal/(mol*A)
xmin    30       75.6552 kcal/mol        0.1703 kcal/(mol*A)
xmin    40       75.5906 kcal/mol        0.3004 kcal/(mol*A)
xmin    50       75.3667 kcal/mol        0.1585 kcal/(mol*A)
xmin    60       75.1918 kcal/mol        0.3312 kcal/(mol*A)
xmin    70       74.9806 kcal/mol        0.2063 kcal/(mol*A)
xmin    80       74.8735 kcal/mol        0.1843 kcal/(mol*A)
xmin    90       74.7932 kcal/mol        0.0633 kcal/(mol*A)
xmin   100       74.7248 kcal/mol        0.0529 kcal/(mol*A)
xmin   110       74.7054 kcal/mol        0.0835 kcal/(mol*A)
xmin   120       74.6994 kcal/mol        0.0322 kcal/(mol*A)
xmin   130       74.6973 kcal/mol        0.0507 kcal/(mol*A)
xmin   140       74.6931 kcal/mol        0.0211 kcal/(mol*A)
xmin   150       74.6915 kcal/mol        0.0137 kcal/(mol*A)
xmin   160       74.6896 kcal/mol        0.0346 kcal/(mol*A)
xmin   170       74.6887 kcal/mol        0.0219 kcal/(mol*A)
xmin   180       74.6872 kcal/mol        0.0083 kcal/(mol*A)
xmin   190       74.6857 kcal/mol        0.0054 kcal/(mol*A)
xmin   200       74.6853 kcal/mol        0.0090 kcal/(mol*A)
xmin   210       74.6852 kcal/mol        0.0074 kcal/(mol*A)
xmin   220       74.6850 kcal/mol        0.0033 kcal/(mol*A)
xmin   230       74.6849 kcal/mol        0.0073 kcal/(mol*A)
xmin   240       74.6848 kcal/mol        0.0027 kcal/(mol*A)
xmin   250       74.6848 kcal/mol        0.0013 kcal/(mol*A)
  ... geometry converged !
 
 Final MO eigenvalues (eV):
 -41.9498  -41.5488  -40.3812  -39.5425  -39.3124  -38.5477  -37.6590  -36.7017
 -36.1648  -35.7684  -33.9186  -33.3416  -32.1165  -31.8988  -31.7846  -31.4606
 -30.8314  -30.4544  -29.4026  -28.6167  -26.7616  -25.3376  -24.9305  -24.4048
 -24.0135  -23.6631  -23.3748  -23.1509  -23.1164  -22.4116  -21.9566  -21.5287
 -20.2513  -19.0876  -18.9008  -18.8786  -18.3891  -18.0975  -17.5331  -17.3163
 -17.0487  -16.9555  -16.7321  -16.6129  -16.3256  -16.2771  -16.1591  -16.0020
 -15.6685  -15.5305  -15.4479  -15.3018  -15.1575  -15.1373  -14.9360  -14.8038
 -14.5659  -14.5149  -14.2496  -14.1941  -14.0563  -13.9398  -13.8818  -13.7759
 -13.4785  -13.4580  -13.3613  -13.2385  -13.1164  -12.8986  -12.7790  -12.5578
 -12.4301  -12.3573  -12.3059  -12.2452  -12.1545  -12.0370  -11.9646  -11.9329
 -11.8142  -11.7971  -11.2607  -11.0890  -10.4557  -10.1097   -9.9601   -9.7729
  -9.6842   -9.5344   -9.4924   -8.8125   -8.6388   -0.7148    0.0445    0.0596
   0.1217    0.1641    0.2323    0.5310    0.7596    0.9034    1.5050    1.5143
   2.0999    2.2557    2.3968    2.4831    2.5939    2.7141    2.8121    3.0853
   3.1773    3.2463    3.2654    3.3593    3.4951    3.5603    3.6010    3.6566
   3.7291    3.7771    3.8144    3.8212    3.9135    3.9264    3.9521    3.9728
   4.0157    4.0183    4.0333    4.0971    4.1223    4.1375    4.1551    4.1755
   4.1991    4.2597    4.3071    4.4032    4.4478    4.5019    4.5350    4.5492
   4.5751    4.5821    4.6152    4.6807    4.7279    4.7564    4.7808    4.7949
   4.9459    4.9646    5.0099    5.0583    5.1101    5.1229    5.1278    5.2679
   5.2730    5.3017    5.3373    5.4143    5.4776    5.5719    5.5758    5.6214
   5.6348    5.6669    5.8682    5.9200    6.0426    6.0480    6.5846    6.7138
   6.9264

 Heat of formation   =         74.68475692 kcal/mol  (        3.23857408 eV)

 Total SCF energy    =    -136370.42596251 kcal/mol  (    -5913.46541618 eV)
 Electronic energy   =   -1206179.73834953 kcal/mol  (   -52303.87833787 eV)
 Core-core repulsion =    1069809.31238701 kcal/mol  (    46390.41292169 eV)
 
    Atomic Charges for Step       1 :
  Atom    Element       Mulliken Charge
     1      C                 -0.125
     2      C                 -0.137
     3      C                 -0.133
     4      C                 -0.125
     5      C                 -0.131
     6      C                 -0.104
     7      C                 -0.109
     8      C                 -0.119
     9      C                 -0.091
    10      C                 -0.110
    11      C                 -0.131
    12      C                 -0.129
    13      C                 -0.122
    14      C                 -0.015
    15      C                 -0.074
    16      C                 -0.061
    17      C                  0.002
    18      C                 -0.004
    19      C                 -0.092
    20      C                  0.077
    21      C                 -0.074
    22      C                  0.282
    23      C                  0.365
    24      C                 -0.167
    25      C                 -0.188
    26      C                 -0.065
    27      C                 -0.065
    28      C                  0.039
    29      C                 -0.166
    30      C                 -0.031
    31      N                 -0.065
    32      N                 -0.295
    33      N                 -0.275
    34      N                 -0.232
    35      N                 -0.257
    36      O                 -0.348
    37      O                 -0.344
    38      H                  0.131
    39      H                  0.132
    40      H                  0.132
    41      H                  0.137
    42      H                  0.136
    43      H                  0.141
    44      H                  0.137
    45      H                  0.140
    46      H                  0.148
    47      H                  0.157
    48      H                  0.138
    49      H                  0.143
    50      H                  0.141
    51      H                  0.099
    52      H                  0.129
    53      H                  0.115
    54      H                  0.090
    55      H                  0.096
    56      H                  0.049
    57      H                  0.050
    58      H                  0.100
    59      H                  0.099
    60      H                  0.104
    61      H                  0.102
    62      H                  0.103
    63      H                  0.061
    64      H                  0.104
    65      H                  0.256
    66      H                  0.251
 Total Mulliken Charge =       0.000
 
                  X        Y        Z     TOTAL  
  QM DIPOLE     0.493    5.388    1.411    5.591
 
 Final Structure

  QMMM: QM Region Cartesian Coordinates (*=link atom) 
  QMMM: QM_NO.   MM_NO.  ATOM         X         Y         Z
  QMMM:     1        1      C        3.6340  -10.7580    4.8057
  QMMM:     2        2      C        2.2580  -10.5928    4.9614
  QMMM:     3        3      C        4.1550  -11.1180    3.5629
  QMMM:     4        4      C        3.2080    0.3275   -6.7111
  QMMM:     5        5      C        3.3847    0.3078   -5.3296
  QMMM:     6        6      C        1.4016  -10.7832    3.8779
  QMMM:     7        7      C        3.3047  -11.3094    2.4752
  QMMM:     8        8      C        2.9649   -9.5580   -0.9979
  QMMM:     9        9      C        2.1422   -8.4668    1.0010
  QMMM:    10       10      C        3.8667   -8.5153   -1.1954
  QMMM:    11       11      C        3.0402   -7.4218    0.7957
  QMMM:    12       12      C        3.6370   -0.7316   -7.5183
  QMMM:    13       13      C        3.9966   -0.7720   -4.6831
  QMMM:    14       14      C        1.9234  -11.1328    2.6257
  QMMM:    15       15      C        2.1009   -9.5421    0.1054
  QMMM:    16       16      C        3.9079   -7.4393   -0.3016
  QMMM:    17       17      C        4.2492   -1.8143   -6.8991
  QMMM:    18       18      C        4.4302   -1.8397   -5.4599
  QMMM:    19       19      C        1.0164  -11.3590    1.4887
  QMMM:    20       20      C        1.1313  -10.6324    0.3020
  QMMM:    21       21      C       -0.7602  -12.6166    0.6633
  QMMM:    22       22      C       -0.6939  -11.9163   -0.6565
  QMMM:    23       23      C        5.2525   -3.7967   -6.3348
  QMMM:    24       24      C        6.2929   -4.4160   -3.4334
  QMMM:    25       25      C        3.8236   -4.6149   -3.6772
  QMMM:    26       26      C        6.1644   -4.9691   -2.0169
  QMMM:    27       27      C        3.7577   -5.1604   -2.2542
  QMMM:    28       28      C        5.0149   -3.6536   -3.8175
  QMMM:    29       29      C       -1.8297  -13.6526    0.7502
  QMMM:    30       30      C        4.9098   -6.3344   -0.4725
  QMMM:    31       31      N        0.0467  -12.3451    1.6593
  QMMM:    32       32      N        4.8224   -2.9856   -7.4319
  QMMM:    33       33      N        0.2858  -10.9207   -0.7602
  QMMM:    34       34      N        5.1254   -3.0291   -5.1208
  QMMM:    35       35      N        4.9896   -5.8105   -1.8302
  QMMM:    36       36      O       -1.4286  -12.1523   -1.6321
  QMMM:    37       37      O        5.7421   -4.9323   -6.4486
  QMMM:    38       38      H        4.3070  -10.6102    5.6628
  QMMM:    39       39      H        1.8444  -10.3175    5.9426
  QMMM:    40       40      H        5.2390  -11.2571    3.4396
  QMMM:    41       41      H        2.7229    1.1945   -7.1846
  QMMM:    42       42      H        3.0380    1.1602   -4.7260
  QMMM:    43       43      H        0.3150  -10.6689    4.0065
  QMMM:    44       44      H        3.7163  -11.5986    1.4969
  QMMM:    45       45      H        2.9444  -10.4014   -1.7050
  QMMM:    46       46      H        1.4693   -8.4552    1.8726
  QMMM:    47       47      H        4.5481   -8.5346   -2.0608
  QMMM:    48       48      H        3.0645   -6.5813    1.5060
  QMMM:    49       49      H        3.4977   -0.7005   -8.6074
  QMMM:    50       50      H        4.1311   -0.7647   -3.5928
  QMMM:    51       51      H        7.1795   -3.7324   -3.4655
  QMMM:    52       52      H        6.4683   -5.2488   -4.1654
  QMMM:    53       53      H        3.9350   -5.4565   -4.4105
  QMMM:    54       54      H        2.8617   -4.0843   -3.8951
  QMMM:    55       55      H        7.0727   -5.6013   -1.8032
  QMMM:    56       56      H        6.1719   -4.1038   -1.2887
  QMMM:    57       57      H        3.4764   -4.3137   -1.5588
  QMMM:    58       58      H        2.9376   -5.9317   -2.2008
  QMMM:    59       59      H        4.8740   -2.8054   -3.0795
  QMMM:    60       60      H       -1.6747  -14.4024   -0.0658
  QMMM:    61       61      H       -2.8230  -13.1628    0.5912
  QMMM:    62       62      H       -1.8317  -14.1767    1.7362
  QMMM:    63       63      H        4.6838   -5.5138    0.2735
  QMMM:    64       64      H        5.9249   -6.7563   -0.2105
  QMMM:    65       65      H        4.5582   -3.3795   -8.2986
  QMMM:    66       66      H        0.3707  -10.4007   -1.6071

           --------- Calculation Completed ----------

